<?xml version="1.0" encoding="UTF-8"?>
<!-- Generated by org.testng.reporters.JUnitReportReporter -->
<testsuite hostname="DESKTOP-MD7145U" name="TestNG.example3_EmailableReport1" tests="2" failures="0" timestamp="15 Feb 2022 07:20:19 GMT" time="0.022" errors="0">
  <testcase name="test1" time="0.020" classname="TestNG.example3_EmailableReport1"/>
  <testcase name="test2" time="0.002" classname="TestNG.example3_EmailableReport1"/>
</testsuite> <!-- TestNG.example3_EmailableReport1 -->
