<?xml version="1.0" encoding="UTF-8"?>
<!-- Generated by org.testng.reporters.JUnitReportReporter -->
<testsuite hostname="DESKTOP-MD7145U" name="TestNG.example5_keyword3_Enabled" tests="2" failures="0" timestamp="15 Feb 2022 07:10:08 GMT" time="0.020" errors="0">
  <testcase name="TC1" time="0.018" classname="TestNG.example5_keyword3_Enabled"/>
  <testcase name="TC2" time="0.002" classname="TestNG.example5_keyword3_Enabled"/>
</testsuite> <!-- TestNG.example5_keyword3_Enabled -->
